[2026-07-07 08:28:09] log_id=21 | IP=Unknown IP | UA=Unknown User-Agent | Ref=No referrer
[2026-07-07 08:28:09] DB_UPDATE: SUCCESS - log_id=21 marked as READ.
[2026-07-08 08:08:44] === Birthday Wisher Started | LIVE (today = 2026-07-08) ===
[2026-07-08 08:08:44]   SKIP: Already sent today to hari (id=40, table=alumni_2016_batch)
[2026-07-08 08:08:44]   SKIP: Already sent today to lakshmi (id=73, table=alumni_details_2024)
[2026-07-08 08:08:44]   SKIP: Already sent today to sanmugamrajan (id=75, table=alumni_details_2024)
[2026-07-08 08:08:44] === Done | Found: 3 | Sent: 0 | Failed: 0 ===
[2026-07-08 08:18:27] === Birthday Wisher Started | LIVE (today = 2026-07-08) ===
[2026-07-08 08:18:27]   Processing: hari <hari@gmail.com> (id=40, table=alumni_2016_batch)
[2026-07-08 08:18:32]   ✓ Sent to hari@gmail.com
[2026-07-08 08:18:32]   Processing: lakshmi <harihari81352@gmail.com> (id=73, table=alumni_details_2024)
[2026-07-08 08:18:36]   ✓ Sent to harihari81352@gmail.com
[2026-07-08 08:18:36]   Processing: sanmuga Rajan <rajansunmuga@gmail.com> (id=76, table=alumni_details_2024)
[2026-07-08 08:18:41]   ✓ Sent to rajansunmuga@gmail.com
[2026-07-08 08:18:41] === Done | Found: 3 | Sent: 3 | Failed: 0 ===
[2026-07-09 11:31:44] === Birthday Wisher Started | LIVE (today = 2026-07-09) ===
[2026-07-09 11:31:44]   Processing: Rahul <rbarnwal4056@gmail.com> (id=3, table=alumni_2020_admission)
[2026-07-09 11:31:50]   ✓ Sent to rbarnwal4056@gmail.com
[2026-07-09 11:31:50]   Processing: Krishna Sampath <bvks2134@gmail.com> (id=75, table=alumni_2021_admission)
[2026-07-09 11:50:33] === Birthday Wisher Started | LIVE (today = 2026-07-09) ===
[2026-07-09 11:50:33]   Processing: HARI <harihari81352@gmail.com> (id=93, table=alumni_2019_admission)
[2026-07-09 11:50:39]   ✓ Sent to harihari81352@gmail.com
[2026-07-09 11:50:39]   SKIP: Already sent today to Rahul (id=3, table=alumni_2020_admission)
[2026-07-09 11:50:39]   Processing: Krishna Sampath <bvks2134@gmail.com> (id=75, table=alumni_2021_admission)
[2026-07-09 11:50:44]   ✓ Sent to bvks2134@gmail.com
[2026-07-09 11:50:44]   Processing: K V <kvchakradhar74@gmail.com> (id=151, table=alumni_2021_admission)
[2026-07-09 11:50:49]   ✓ Sent to kvchakradhar74@gmail.com
[2026-07-09 11:50:49] === Done | Found: 4 | Sent: 3 | Failed: 0 ===
[2026-07-16 07:35:41] === Birthday Wisher Started | LIVE (today = 2026-07-16) ===
[2026-07-16 07:35:41]   SKIP: Table alumni_details_2024 missing 'id' or 'dob' column
[2026-07-16 07:35:41]   SKIP: Table alumni_higher_studies missing 'id' or 'dob' column
[2026-07-16 07:35:41]   SKIP: Table alumni_profiles missing 'id' or 'dob' column
[2026-07-16 07:38:17] === Birthday Wisher Started | LIVE (today = 2026-07-16) ===
[2026-07-16 07:38:17]   SKIP: Table alumni_details_2024 missing 'id' or 'dob' column
[2026-07-16 07:38:17]   SKIP: Table alumni_higher_studies missing 'id' or 'dob' column
[2026-07-16 07:38:17]   SKIP: Table alumni_profiles missing 'id' or 'dob' column
[2026-07-16 07:43:30] === Birthday Wisher Started | LIVE (today = 2026-07-16) ===
[2026-07-16 07:43:30]   SKIP: Table alumni_details_2024 missing 'id' or 'dob' column
[2026-07-16 07:43:30]   SKIP: Table alumni_higher_studies missing 'id' or 'dob' column
[2026-07-16 07:43:30]   SKIP: Table alumni_profiles missing 'id' or 'dob' column
[2026-07-16 07:57:59] === Birthday Wisher Started | LIVE (today = 2026-07-16) ===
[2026-07-16 07:57:59]   SKIP: Table alumni_details_2024 missing 'id' or 'dob' column
[2026-07-16 07:57:59]   SKIP: Table alumni_higher_studies missing 'id' or 'dob' column
[2026-07-16 07:57:59]   SKIP: Table alumni_profiles missing 'id' or 'dob' column
[2026-07-16 07:57:59]   Processing: selva <harihari81352@gmail.com> (id=32, table=alumni_2016_batch)
[2026-07-16 07:58:04]   ✓ Sent to harihari81352@gmail.com
[2026-07-16 07:58:04]   Processing: harirama <harihari81352@gmail.com> (id=61, table=alumni_2017_batch)
[2026-07-16 07:58:08]   ✓ Sent to harihari81352@gmail.com
[2026-07-16 07:58:08]   Processing: Prudhvi Reddy <prudhvireddyvenati@gmail.com> (id=30, table=alumni_2019_admission)
[2026-07-16 07:58:12]   ✓ Sent to prudhvireddyvenati@gmail.com
[2026-07-16 07:58:12] === Done | Found: 3 | Sent: 3 | Failed: 0 ===
